<?xml version="1.0" encoding="UTF-8"?>
<!-- Generated by org.testng.reporters.JUnitReportReporter -->
<testsuite hostname="stephen" failures="0" tests="3" name="NotifyNOW.NotifyNOW_negative_scenarios.Step3_NS" time="113.791" errors="0" timestamp="2023-01-19T05:42:27 IST" skipped="0">
  <testcase classname="NotifyNOW.NotifyNOW_negative_scenarios.Step3_NS" name="callmethod1" time="63.603"/>
  <system-out/>
  <testcase classname="NotifyNOW.NotifyNOW_negative_scenarios.Step3_NS" name="callmethod2" time="46.975"/>
  <system-out/>
  <testcase classname="NotifyNOW.NotifyNOW_negative_scenarios.Step3_NS" name="callmethod3" time="3.213"/>
  <system-out/>
</testsuite> <!-- NotifyNOW.NotifyNOW_negative_scenarios.Step3_NS -->
