<?xml version="1.0" encoding="UTF-8"?>
<!-- Generated by org.testng.reporters.JUnitReportReporter -->
<testsuite hostname="stephen" failures="0" tests="1" name="NotifyNOW.NotifyNOW_negative_scenarios.Step1_NS" time="65.093" errors="0" timestamp="2023-01-13T21:39:26 IST" skipped="0">
  <testcase classname="NotifyNOW.NotifyNOW_negative_scenarios.Step1_NS" name="callmethod1" time="65.093"/>
  <system-out/>
</testsuite> <!-- NotifyNOW.NotifyNOW_negative_scenarios.Step1_NS -->
