<?xml version="1.0" encoding="UTF-8"?>
<!-- Generated by org.testng.reporters.JUnitReportReporter -->
<testsuite hostname="stephen" failures="0" tests="2" name="NotifyNOW.NotifyNOW_negative_scenarios.Step2_NS" time="107.811" errors="0" timestamp="2023-01-14T01:38:15 IST" skipped="0">
  <testcase classname="NotifyNOW.NotifyNOW_negative_scenarios.Step2_NS" name="callmethod1" time="63.291"/>
  <system-out/>
  <testcase classname="NotifyNOW.NotifyNOW_negative_scenarios.Step2_NS" name="callmethod2" time="44.520"/>
  <system-out/>
</testsuite> <!-- NotifyNOW.NotifyNOW_negative_scenarios.Step2_NS -->
