<?xml version="1.0" encoding="UTF-8"?>
<!-- Generated by org.testng.reporters.JUnitReportReporter -->
<testsuite hostname="stephen" failures="0" tests="4" name="NotifyNOW.NotifyNOW_negative_scenarios.Step1_ns1" time="159.279" errors="0" timestamp="2023-01-21T02:55:37 IST" skipped="0">
  <testcase classname="NotifyNOW.NotifyNOW_negative_scenarios.Step1_ns1" name="callmethod1" time="63.481"/>
  <system-out/>
  <testcase classname="NotifyNOW.NotifyNOW_negative_scenarios.Step1_ns1" name="callmethod2" time="50.890"/>
  <system-out/>
  <testcase classname="NotifyNOW.NotifyNOW_negative_scenarios.Step1_ns1" name="callmethod3" time="11.591"/>
  <system-out/>
  <testcase classname="NotifyNOW.NotifyNOW_negative_scenarios.Step1_ns1" name="callmethod4" time="33.317"/>
  <system-out/>
</testsuite> <!-- NotifyNOW.NotifyNOW_negative_scenarios.Step1_ns1 -->
