<?xml version="1.0" encoding="UTF-8"?>
<!-- Generated by org.testng.reporters.JUnitReportReporter -->
<testsuite hostname="stephen" failures="0" tests="2" name="NotifyNOW.NotifyNOW_negative_scenarios.Step2_NS" time="133.924" errors="0" timestamp="2023-01-23T23:20:59 IST" skipped="0">
  <testcase classname="NotifyNOW.NotifyNOW_negative_scenarios.Step2_NS" name="callmethod1" time="72.087"/>
  <system-out/>
  <testcase classname="NotifyNOW.NotifyNOW_negative_scenarios.Step2_NS" name="callmethod2" time="61.837"/>
  <system-out/>
</testsuite> <!-- NotifyNOW.NotifyNOW_negative_scenarios.Step2_NS -->
