<?xml version="1.0" encoding="UTF-8"?>
<!-- Generated by org.testng.reporters.JUnitReportReporter -->
<testsuite hostname="stephen" failures="0" tests="4" name="NotifyNOW.NotifyNOW_negative_scenarios.Step4_ns" time="219.780" errors="0" timestamp="2023-01-24T05:12:11 IST" skipped="0">
  <testcase classname="NotifyNOW.NotifyNOW_negative_scenarios.Step4_ns" name="callmethod1" time="71.821"/>
  <system-out/>
  <testcase classname="NotifyNOW.NotifyNOW_negative_scenarios.Step4_ns" name="callmethod2" time="66.742"/>
  <system-out/>
  <testcase classname="NotifyNOW.NotifyNOW_negative_scenarios.Step4_ns" name="callmethod3" time="18.728"/>
  <system-out/>
  <testcase classname="NotifyNOW.NotifyNOW_negative_scenarios.Step4_ns" name="callmethod4" time="62.489"/>
  <system-out/>
</testsuite> <!-- NotifyNOW.NotifyNOW_negative_scenarios.Step4_ns -->
