<?xml version="1.0" encoding="UTF-8"?>
<!-- Generated by org.testng.reporters.JUnitReportReporter -->
<testsuite hostname="stephen" failures="0" tests="1" name="NotifyNOW.NotifyNOW_negative_scenarios.BaseClass_Negative_scenario" time="42.423" errors="0" timestamp="2023-01-10T02:38:24 IST" skipped="0">
  <testcase classname="NotifyNOW.NotifyNOW_negative_scenarios.BaseClass_Negative_scenario" name="callmethod1" time="42.423"/>
  <system-out/>
</testsuite> <!-- NotifyNOW.NotifyNOW_negative_scenarios.BaseClass_Negative_scenario -->
