<?xml version="1.0" encoding="UTF-8"?>
<!-- Generated by org.testng.reporters.JUnitReportReporter -->
<testsuite hostname="stephen" failures="0" tests="4" name="NotifyNOW.NotifyNOW_negative_scenarios.Step4_ns" time="172.831" errors="0" timestamp="2023-01-20T01:50:13 IST" skipped="0">
  <testcase classname="NotifyNOW.NotifyNOW_negative_scenarios.Step4_ns" name="callmethod1" time="64.721"/>
  <system-out/>
  <testcase classname="NotifyNOW.NotifyNOW_negative_scenarios.Step4_ns" name="callmethod2" time="51.160"/>
  <system-out/>
  <testcase classname="NotifyNOW.NotifyNOW_negative_scenarios.Step4_ns" name="callmethod3" time="11.540"/>
  <system-out/>
  <testcase classname="NotifyNOW.NotifyNOW_negative_scenarios.Step4_ns" name="callmethod4" time="45.410"/>
  <system-out/>
</testsuite> <!-- NotifyNOW.NotifyNOW_negative_scenarios.Step4_ns -->
