<?xml version="1.0" encoding="UTF-8"?>
<!-- Generated by org.testng.reporters.JUnitReportReporter -->
<testsuite hostname="stephen" failures="0" tests="3" name="NotifyNOW.NotifyNOW_negative_scenarios.Step3_NS" time="161.638" errors="0" timestamp="2023-01-24T02:07:36 IST" skipped="0">
  <testcase classname="NotifyNOW.NotifyNOW_negative_scenarios.Step3_NS" name="callmethod1" time="71.418"/>
  <system-out/>
  <testcase classname="NotifyNOW.NotifyNOW_negative_scenarios.Step3_NS" name="callmethod2" time="69.905"/>
  <system-out/>
  <testcase classname="NotifyNOW.NotifyNOW_negative_scenarios.Step3_NS" name="callmethod3" time="20.315"/>
  <system-out/>
</testsuite> <!-- NotifyNOW.NotifyNOW_negative_scenarios.Step3_NS -->
