<?xml version="1.0" encoding="UTF-8"?>
<!-- Generated by org.testng.reporters.JUnitReportReporter -->
<testsuite hostname="stephen" failures="0" tests="4" name="NotifyNOW.NotifyNOW_negative_scenarios.Step4_ns" time="159.579" errors="0" timestamp="2023-01-19T06:34:03 IST" skipped="0">
  <testcase classname="NotifyNOW.NotifyNOW_negative_scenarios.Step4_ns" name="callmethod1" time="64.911"/>
  <system-out/>
  <testcase classname="NotifyNOW.NotifyNOW_negative_scenarios.Step4_ns" name="callmethod2" time="51.035"/>
  <system-out/>
  <testcase classname="NotifyNOW.NotifyNOW_negative_scenarios.Step4_ns" name="callmethod3" time="10.257"/>
  <system-out/>
  <testcase classname="NotifyNOW.NotifyNOW_negative_scenarios.Step4_ns" name="callmethod4" time="33.376"/>
  <system-out/>
</testsuite> <!-- NotifyNOW.NotifyNOW_negative_scenarios.Step4_ns -->
